1169   2013-07-30 14:57:02,806 INFO  .egiz.sig.connectors.MOASSRepsonseLogger  - Moa Logger
1627   2013-07-30 15:36:26,832 DEBUG .egiz.sig.connectors.MOASSRepsonseLogger  - MOA-SS Response: <soapenv:Envelope xmlns:soapenv="http://schemas.xmlsoap.org/soap/envelope/" xmlns:xsd="http://www.w3.org/2001/XMLSchema" xmlns:xsi="http://www.w3.org/2001/XMLSchema-instance"><soapenv:Body><CreateXMLSignatureResponse xmlns="http://reference.e-government.gv.at/namespace/moa/20020822#" xmlns:dsig="http://www.w3.org/2000/09/xmldsig#"><SignatureEnvironment><dsig:Signature Id="signature-1-1" xmlns:dsig="http://www.w3.org/2000/09/xmldsig#"><dsig:SignedInfo><dsig:CanonicalizationMethod Algorithm="http://www.w3.org/TR/2001/REC-xml-c14n-20010315"/><dsig:SignatureMethod Algorithm="http://www.w3.org/2000/09/xmldsig#rsa-sha1"/><dsig:Reference Id="reference-1-1" URI="urn:Document"><dsig:DigestMethod Algorithm="http://www.w3.org/2000/09/xmldsig#sha1"/><dsig:DigestValue>3qfichamqqQDwOEDdYL36U4FG0g=</dsig:DigestValue></dsig:Reference><dsig:Reference Type="http://uri.etsi.org/01903/v1.1.1#SignedProperties" URI="#xmlns(etsi=http://uri.etsi.org/01903/v1.1.1%23)%20xpointer(id('etsi-signed-1-1')/child::etsi:QualifyingProperties/child::etsi:SignedProperties)"><dsig:DigestMethod Algorithm="http://www.w3.org/2000/09/xmldsig#sha1"/><dsig:DigestValue>oxwbCdqYAQpkhuiIk5zzDh2eT8g=</dsig:DigestValue></dsig:Reference></dsig:SignedInfo><dsig:SignatureValue>Km7OT8vq4U07bxkKfABvhc8e3TKlCetwPH2+U+3QDOO6CEN3S+4r8orV/nFD3SGE
24wWtd+WhgKsuZ4jTHO9qgFB5QwJSZtHxWbL3bKTQSJpSRnyrvxK4p1Jed0WSPEj
bqtGw3aYHuXhESMqfDB7dSkUL2WGuxxH/pKEEQU+BwHtQ7lnP9WLgJEd39LzSuji
R5m/mmMZTo/b/nhwlWgdZfS0VW1h8+TW4/+NmG9VWaPUHue1MGdENztQaaXn9Rj9
1HztwCIzKPt48pcLOP6hauhIPPXw9nxi7PUrueLLDOI4yxr0j5OHLMhTCMU5ZVmP
sajBVXYlwl9MK6pwZPVZNQ==</dsig:SignatureValue><dsig:KeyInfo><dsig:X509Data><dsig:X509Certificate>MIIFQTCCBCmgAwIBAgIBADANBgkqhkiG9w0BAQQFADCByzELMAkGA1UEBhMCQVQx
DzANBgNVBAgTBlZpZW5uYTEPMA0GA1UEBxMGVmllbm5hMScwJQYDVQQKEx5BdG9z
IElUIFNvbHV0aW9ucyBhbmQgU2VydmljZXMxFDASBgNVBAsTC01TIFdTRFMgU0VD
MS8wLQYDVQQDEyZDTj1NT0EgVGVzdCBDQSxPVT1FR0laLE89VFUgR3JheixDPUFU
IDEqMCgGCSqGSIb3DQEJARYbbWFydGluLmUuZWljaGluZ2VyQGF0b3MubmV0MB4X
DTEyMTEyOTA5NDAwMFoXDTIyMTEzMDA5NDAwMFowgcsxCzAJBgNVBAYTAkFUMQ8w
DQYDVQQIEwZWaWVubmExDzANBgNVBAcTBlZpZW5uYTEnMCUGA1UEChMeQXRvcyBJ
VCBTb2x1dGlvbnMgYW5kIFNlcnZpY2VzMRQwEgYDVQQLEwtNUyBXU0RTIFNFQzEv
MC0GA1UEAxMmQ049TU9BIFRlc3QgQ0EsT1U9RUdJWixPPVRVIEdyYXosQz1BVCAx
KjAoBgkqhkiG9w0BCQEWG21hcnRpbi5lLmVpY2hpbmdlckBhdG9zLm5ldDCCASIw
DQYJKoZIhvcNAQEBBQADggEPADCCAQoCggEBALGWLhXEwv5Ak0/nYu0ebCLR6MXu
x3Vmek7f1wAou3EeUW1kIb31OKd5OGqhM1lVTZod/2Zz2AHDQ4Asuiqd7RUQ4N0j
/5c2zKNxJbd93HW3squZflGusmyAr7R1cSGkVG+euVkhkhYWcffpqHfa+MQLwffd
QjkPEkh5DDjnfcQ2REimEATcl2pfWnQ8uxLYUPHzIX/Zyh8Gx4mjIaUaZocjWU+B
pL4CccnfhaiwEIYNR9YhReJZo2QV19wCKZ/y/+KZ2M9HOmKnBe6qtOHduPaWAeuZ
wFyhDSgc8IdVDSOZxfh0OvwjayyAorEi+cRINj1GgM3mVmmtRuu9y6q9DTsCAwEA
AaOCASwwggEoMB0GA1UdDgQWBBTU36Ol57RZYnsgIV+zhZ7cRifMDDCB+AYDVR0j
BIHwMIHtgBTU36Ol57RZYnsgIV+zhZ7cRifMDKGB0aSBzjCByzELMAkGA1UEBhMC
QVQxDzANBgNVBAgTBlZpZW5uYTEPMA0GA1UEBxMGVmllbm5hMScwJQYDVQQKEx5B
dG9zIElUIFNvbHV0aW9ucyBhbmQgU2VydmljZXMxFDASBgNVBAsTC01TIFdTRFMg
U0VDMS8wLQYDVQQDEyZDTj1NT0EgVGVzdCBDQSxPVT1FR0laLE89VFUgR3JheixD
PUFUIDEqMCgGCSqGSIb3DQEJARYbbWFydGluLmUuZWljaGluZ2VyQGF0b3MubmV0
ggEAMAwGA1UdEwQFMAMBAf8wDQYJKoZIhvcNAQEEBQADggEBAFXOEcGqniuuyLYi
jYvaYnLDZTPSIxga/HHKgWQSlPnc/UrokqBiUxayGVRtTKoK9N3My4DzEfejo1Lu
Gjt0k+OutBfrpbwVn2uC7vbrajM3AZWzUFnyVtHOBe5edJZPJH9aUk5tpM3WsD+G
X++G59LMFXiAvjzJkpFbZVf6hbhdNuqzFqnczWzwKpZoKCCiTFhxDB6K0SeqiaqW
najlhXMsBG7Z1GRA92rXpjr7bfU3K7gdOS4O72MG3Z12hmiAz3KcJ/wEztXTmXyi
Of30NC4pHRyT4NEH9tHFHYDsE3cQVot36XLmte7Ll9PKEL2Gf8EMvD+EccDNhi+o
za0qTeY=</dsig:X509Certificate></dsig:X509Data></dsig:KeyInfo><dsig:Object Id="etsi-signed-1-1"><etsi:QualifyingProperties xmlns:etsi="http://uri.etsi.org/01903/v1.1.1#" Target="#signature-1-1"><etsi:SignedProperties><etsi:SignedSignatureProperties><etsi:SigningTime>2013-07-30T15:36:26+02:00</etsi:SigningTime><etsi:SigningCertificate><etsi:Cert><etsi:CertDigest><etsi:DigestMethod Algorithm="http://www.w3.org/2000/09/xmldsig#sha1"/><etsi:DigestValue>pHqXs0EnoupTfDPVdS0n228TNDk=</etsi:DigestValue></etsi:CertDigest><etsi:IssuerSerial><dsig:X509IssuerName>EMAIL=martin.e.eichinger@atos.net,CN=CN=MOA Test CA\,OU=EGIZ\,O=TU Graz\,C=AT\ ,OU=MS WSDS SEC,O=Atos IT Solutions and Services,L=Vienna,ST=Vienna,C=AT</dsig:X509IssuerName><dsig:X509SerialNumber>0</dsig:X509SerialNumber></etsi:IssuerSerial></etsi:Cert></etsi:SigningCertificate><etsi:SignaturePolicyIdentifier><etsi:SignaturePolicyImplied/></etsi:SignaturePolicyIdentifier></etsi:SignedSignatureProperties><etsi:SignedDataObjectProperties><etsi:DataObjectFormat ObjectReference="#reference-1-1"><etsi:MimeType>application/pdf</etsi:MimeType></etsi:DataObjectFormat></etsi:SignedDataObjectProperties></etsi:SignedProperties></etsi:QualifyingProperties></dsig:Object></dsig:Signature></SignatureEnvironment></CreateXMLSignatureResponse></soapenv:Body></soapenv:Envelope>
1565   2013-07-30 15:36:51,655 DEBUG .egiz.sig.connectors.MOASSRepsonseLogger  - MOA-SS Response: <soapenv:Envelope xmlns:soapenv="http://schemas.xmlsoap.org/soap/envelope/" xmlns:xsd="http://www.w3.org/2001/XMLSchema" xmlns:xsi="http://www.w3.org/2001/XMLSchema-instance"><soapenv:Body><CreateXMLSignatureResponse xmlns="http://reference.e-government.gv.at/namespace/moa/20020822#" xmlns:dsig="http://www.w3.org/2000/09/xmldsig#"><SignatureEnvironment><dsig:Signature Id="signature-1-1" xmlns:dsig="http://www.w3.org/2000/09/xmldsig#"><dsig:SignedInfo><dsig:CanonicalizationMethod Algorithm="http://www.w3.org/TR/2001/REC-xml-c14n-20010315"/><dsig:SignatureMethod Algorithm="http://www.w3.org/2000/09/xmldsig#rsa-sha1"/><dsig:Reference Id="reference-1-1" URI="urn:Document"><dsig:DigestMethod Algorithm="http://www.w3.org/2000/09/xmldsig#sha1"/><dsig:DigestValue>ISln+9/oHGgWycxXgyx+6hefsAU=</dsig:DigestValue></dsig:Reference><dsig:Reference Type="http://uri.etsi.org/01903/v1.1.1#SignedProperties" URI="#xmlns(etsi=http://uri.etsi.org/01903/v1.1.1%23)%20xpointer(id('etsi-signed-1-1')/child::etsi:QualifyingProperties/child::etsi:SignedProperties)"><dsig:DigestMethod Algorithm="http://www.w3.org/2000/09/xmldsig#sha1"/><dsig:DigestValue>ku2Kfsq7+7lPn6UD11VrPWZXSgU=</dsig:DigestValue></dsig:Reference></dsig:SignedInfo><dsig:SignatureValue>Rv2qur7bd0QvyuDebe6oR9ZHLNhvyh2xbpyVcB6WOZ2QijQIlfU+eMAAAqK4rmwJ
9c8NKujXdcJG7p65sEtGAv6//NlZuKIwL96D++SCShOXr8M9YO1BmWu9FZFhupTV
jeXb1RD51qFS1f9CvdUxnDMf80bzJ1BINzGwiOS4flw3yc1VHbmTKOoSx4n6nnMU
lsgfGW7rxBUe++9stUDjc6zXxrXmkhBMw6J5iSvpon1BLne9IKJjrgyQaR3F4is7
hJ2e4f8ZCrprYnBYd7pXT9WOeWdB3+vIVVwrg2aXjj8kmaQzd3JVljFFCNTWBQrN
mwp8c2ui/7v40BUNtQAC+w==</dsig:SignatureValue><dsig:KeyInfo><dsig:X509Data><dsig:X509Certificate>MIIFQTCCBCmgAwIBAgIBADANBgkqhkiG9w0BAQQFADCByzELMAkGA1UEBhMCQVQx
DzANBgNVBAgTBlZpZW5uYTEPMA0GA1UEBxMGVmllbm5hMScwJQYDVQQKEx5BdG9z
IElUIFNvbHV0aW9ucyBhbmQgU2VydmljZXMxFDASBgNVBAsTC01TIFdTRFMgU0VD
MS8wLQYDVQQDEyZDTj1NT0EgVGVzdCBDQSxPVT1FR0laLE89VFUgR3JheixDPUFU
IDEqMCgGCSqGSIb3DQEJARYbbWFydGluLmUuZWljaGluZ2VyQGF0b3MubmV0MB4X
DTEyMTEyOTA5NDAwMFoXDTIyMTEzMDA5NDAwMFowgcsxCzAJBgNVBAYTAkFUMQ8w
DQYDVQQIEwZWaWVubmExDzANBgNVBAcTBlZpZW5uYTEnMCUGA1UEChMeQXRvcyBJ
VCBTb2x1dGlvbnMgYW5kIFNlcnZpY2VzMRQwEgYDVQQLEwtNUyBXU0RTIFNFQzEv
MC0GA1UEAxMmQ049TU9BIFRlc3QgQ0EsT1U9RUdJWixPPVRVIEdyYXosQz1BVCAx
KjAoBgkqhkiG9w0BCQEWG21hcnRpbi5lLmVpY2hpbmdlckBhdG9zLm5ldDCCASIw
DQYJKoZIhvcNAQEBBQADggEPADCCAQoCggEBALGWLhXEwv5Ak0/nYu0ebCLR6MXu
x3Vmek7f1wAou3EeUW1kIb31OKd5OGqhM1lVTZod/2Zz2AHDQ4Asuiqd7RUQ4N0j
/5c2zKNxJbd93HW3squZflGusmyAr7R1cSGkVG+euVkhkhYWcffpqHfa+MQLwffd
QjkPEkh5DDjnfcQ2REimEATcl2pfWnQ8uxLYUPHzIX/Zyh8Gx4mjIaUaZocjWU+B
pL4CccnfhaiwEIYNR9YhReJZo2QV19wCKZ/y/+KZ2M9HOmKnBe6qtOHduPaWAeuZ
wFyhDSgc8IdVDSOZxfh0OvwjayyAorEi+cRINj1GgM3mVmmtRuu9y6q9DTsCAwEA
AaOCASwwggEoMB0GA1UdDgQWBBTU36Ol57RZYnsgIV+zhZ7cRifMDDCB+AYDVR0j
BIHwMIHtgBTU36Ol57RZYnsgIV+zhZ7cRifMDKGB0aSBzjCByzELMAkGA1UEBhMC
QVQxDzANBgNVBAgTBlZpZW5uYTEPMA0GA1UEBxMGVmllbm5hMScwJQYDVQQKEx5B
dG9zIElUIFNvbHV0aW9ucyBhbmQgU2VydmljZXMxFDASBgNVBAsTC01TIFdTRFMg
U0VDMS8wLQYDVQQDEyZDTj1NT0EgVGVzdCBDQSxPVT1FR0laLE89VFUgR3JheixD
PUFUIDEqMCgGCSqGSIb3DQEJARYbbWFydGluLmUuZWljaGluZ2VyQGF0b3MubmV0
ggEAMAwGA1UdEwQFMAMBAf8wDQYJKoZIhvcNAQEEBQADggEBAFXOEcGqniuuyLYi
jYvaYnLDZTPSIxga/HHKgWQSlPnc/UrokqBiUxayGVRtTKoK9N3My4DzEfejo1Lu
Gjt0k+OutBfrpbwVn2uC7vbrajM3AZWzUFnyVtHOBe5edJZPJH9aUk5tpM3WsD+G
X++G59LMFXiAvjzJkpFbZVf6hbhdNuqzFqnczWzwKpZoKCCiTFhxDB6K0SeqiaqW
najlhXMsBG7Z1GRA92rXpjr7bfU3K7gdOS4O72MG3Z12hmiAz3KcJ/wEztXTmXyi
Of30NC4pHRyT4NEH9tHFHYDsE3cQVot36XLmte7Ll9PKEL2Gf8EMvD+EccDNhi+o
za0qTeY=</dsig:X509Certificate></dsig:X509Data></dsig:KeyInfo><dsig:Object Id="etsi-signed-1-1"><etsi:QualifyingProperties xmlns:etsi="http://uri.etsi.org/01903/v1.1.1#" Target="#signature-1-1"><etsi:SignedProperties><etsi:SignedSignatureProperties><etsi:SigningTime>2013-07-30T15:36:51+02:00</etsi:SigningTime><etsi:SigningCertificate><etsi:Cert><etsi:CertDigest><etsi:DigestMethod Algorithm="http://www.w3.org/2000/09/xmldsig#sha1"/><etsi:DigestValue>pHqXs0EnoupTfDPVdS0n228TNDk=</etsi:DigestValue></etsi:CertDigest><etsi:IssuerSerial><dsig:X509IssuerName>EMAIL=martin.e.eichinger@atos.net,CN=CN=MOA Test CA\,OU=EGIZ\,O=TU Graz\,C=AT\ ,OU=MS WSDS SEC,O=Atos IT Solutions and Services,L=Vienna,ST=Vienna,C=AT</dsig:X509IssuerName><dsig:X509SerialNumber>0</dsig:X509SerialNumber></etsi:IssuerSerial></etsi:Cert></etsi:SigningCertificate><etsi:SignaturePolicyIdentifier><etsi:SignaturePolicyImplied/></etsi:SignaturePolicyIdentifier></etsi:SignedSignatureProperties><etsi:SignedDataObjectProperties><etsi:DataObjectFormat ObjectReference="#reference-1-1"><etsi:MimeType>application/pdf</etsi:MimeType></etsi:DataObjectFormat></etsi:SignedDataObjectProperties></etsi:SignedProperties></etsi:QualifyingProperties></dsig:Object></dsig:Signature></SignatureEnvironment></CreateXMLSignatureResponse></soapenv:Body></soapenv:Envelope>
1670   2013-07-30 15:37:02,378 DEBUG .egiz.sig.connectors.MOASSRepsonseLogger  - MOA-SS Response: <soapenv:Envelope xmlns:soapenv="http://schemas.xmlsoap.org/soap/envelope/" xmlns:xsd="http://www.w3.org/2001/XMLSchema" xmlns:xsi="http://www.w3.org/2001/XMLSchema-instance"><soapenv:Body><CreateXMLSignatureResponse xmlns="http://reference.e-government.gv.at/namespace/moa/20020822#" xmlns:dsig="http://www.w3.org/2000/09/xmldsig#"><SignatureEnvironment><dsig:Signature Id="signature-1-1" xmlns:dsig="http://www.w3.org/2000/09/xmldsig#"><dsig:SignedInfo><dsig:CanonicalizationMethod Algorithm="http://www.w3.org/TR/2001/REC-xml-c14n-20010315"/><dsig:SignatureMethod Algorithm="http://www.w3.org/2000/09/xmldsig#rsa-sha1"/><dsig:Reference Id="reference-1-1" URI="urn:Document"><dsig:DigestMethod Algorithm="http://www.w3.org/2000/09/xmldsig#sha1"/><dsig:DigestValue>nWBR6lnq5lK/rr37JhLEus1DhJs=</dsig:DigestValue></dsig:Reference><dsig:Reference Type="http://uri.etsi.org/01903/v1.1.1#SignedProperties" URI="#xmlns(etsi=http://uri.etsi.org/01903/v1.1.1%23)%20xpointer(id('etsi-signed-1-1')/child::etsi:QualifyingProperties/child::etsi:SignedProperties)"><dsig:DigestMethod Algorithm="http://www.w3.org/2000/09/xmldsig#sha1"/><dsig:DigestValue>RMuZC5zi/p9dLvUcxIqJk7NtwUY=</dsig:DigestValue></dsig:Reference></dsig:SignedInfo><dsig:SignatureValue>jk5lS30tpcHJTyVr80rzfbnGM7DXVtasqnsgwpwILlwhwNOI7AaAayaoEviQXoIS
on4jhUKEdo1qF7qtHFRQNPIpc+BaBn5zuMcEeFkQQLGoU4CzJmcSv34DgZtZGOhe
C8yYtEF9niTvHoEhV6Q5DbDovA3Xysw+hEWG43jwgKtHQkVFts7Q8sd0p1jeBtHR
XGDm5+DYN2jswNPgqlPs6wpd5CkeCjZM1y+8tGAI5pwRYAH0z1zndLFiSFi+WPLZ
LmoPFEi6xPNikJ2qx4c4UpttNQIaq35lLsGOCsC3vYw/Vrq5lSjO41RToosXZ+RR
URNGwLcGMRxXWNMbBcEmVA==</dsig:SignatureValue><dsig:KeyInfo><dsig:X509Data><dsig:X509Certificate>MIIFQTCCBCmgAwIBAgIBADANBgkqhkiG9w0BAQQFADCByzELMAkGA1UEBhMCQVQx
DzANBgNVBAgTBlZpZW5uYTEPMA0GA1UEBxMGVmllbm5hMScwJQYDVQQKEx5BdG9z
IElUIFNvbHV0aW9ucyBhbmQgU2VydmljZXMxFDASBgNVBAsTC01TIFdTRFMgU0VD
MS8wLQYDVQQDEyZDTj1NT0EgVGVzdCBDQSxPVT1FR0laLE89VFUgR3JheixDPUFU
IDEqMCgGCSqGSIb3DQEJARYbbWFydGluLmUuZWljaGluZ2VyQGF0b3MubmV0MB4X
DTEyMTEyOTA5NDAwMFoXDTIyMTEzMDA5NDAwMFowgcsxCzAJBgNVBAYTAkFUMQ8w
DQYDVQQIEwZWaWVubmExDzANBgNVBAcTBlZpZW5uYTEnMCUGA1UEChMeQXRvcyBJ
VCBTb2x1dGlvbnMgYW5kIFNlcnZpY2VzMRQwEgYDVQQLEwtNUyBXU0RTIFNFQzEv
MC0GA1UEAxMmQ049TU9BIFRlc3QgQ0EsT1U9RUdJWixPPVRVIEdyYXosQz1BVCAx
KjAoBgkqhkiG9w0BCQEWG21hcnRpbi5lLmVpY2hpbmdlckBhdG9zLm5ldDCCASIw
DQYJKoZIhvcNAQEBBQADggEPADCCAQoCggEBALGWLhXEwv5Ak0/nYu0ebCLR6MXu
x3Vmek7f1wAou3EeUW1kIb31OKd5OGqhM1lVTZod/2Zz2AHDQ4Asuiqd7RUQ4N0j
/5c2zKNxJbd93HW3squZflGusmyAr7R1cSGkVG+euVkhkhYWcffpqHfa+MQLwffd
QjkPEkh5DDjnfcQ2REimEATcl2pfWnQ8uxLYUPHzIX/Zyh8Gx4mjIaUaZocjWU+B
pL4CccnfhaiwEIYNR9YhReJZo2QV19wCKZ/y/+KZ2M9HOmKnBe6qtOHduPaWAeuZ
wFyhDSgc8IdVDSOZxfh0OvwjayyAorEi+cRINj1GgM3mVmmtRuu9y6q9DTsCAwEA
AaOCASwwggEoMB0GA1UdDgQWBBTU36Ol57RZYnsgIV+zhZ7cRifMDDCB+AYDVR0j
BIHwMIHtgBTU36Ol57RZYnsgIV+zhZ7cRifMDKGB0aSBzjCByzELMAkGA1UEBhMC
QVQxDzANBgNVBAgTBlZpZW5uYTEPMA0GA1UEBxMGVmllbm5hMScwJQYDVQQKEx5B
dG9zIElUIFNvbHV0aW9ucyBhbmQgU2VydmljZXMxFDASBgNVBAsTC01TIFdTRFMg
U0VDMS8wLQYDVQQDEyZDTj1NT0EgVGVzdCBDQSxPVT1FR0laLE89VFUgR3JheixD
PUFUIDEqMCgGCSqGSIb3DQEJARYbbWFydGluLmUuZWljaGluZ2VyQGF0b3MubmV0
ggEAMAwGA1UdEwQFMAMBAf8wDQYJKoZIhvcNAQEEBQADggEBAFXOEcGqniuuyLYi
jYvaYnLDZTPSIxga/HHKgWQSlPnc/UrokqBiUxayGVRtTKoK9N3My4DzEfejo1Lu
Gjt0k+OutBfrpbwVn2uC7vbrajM3AZWzUFnyVtHOBe5edJZPJH9aUk5tpM3WsD+G
X++G59LMFXiAvjzJkpFbZVf6hbhdNuqzFqnczWzwKpZoKCCiTFhxDB6K0SeqiaqW
najlhXMsBG7Z1GRA92rXpjr7bfU3K7gdOS4O72MG3Z12hmiAz3KcJ/wEztXTmXyi
Of30NC4pHRyT4NEH9tHFHYDsE3cQVot36XLmte7Ll9PKEL2Gf8EMvD+EccDNhi+o
za0qTeY=</dsig:X509Certificate></dsig:X509Data></dsig:KeyInfo><dsig:Object Id="etsi-signed-1-1"><etsi:QualifyingProperties xmlns:etsi="http://uri.etsi.org/01903/v1.1.1#" Target="#signature-1-1"><etsi:SignedProperties><etsi:SignedSignatureProperties><etsi:SigningTime>2013-07-30T15:37:01+02:00</etsi:SigningTime><etsi:SigningCertificate><etsi:Cert><etsi:CertDigest><etsi:DigestMethod Algorithm="http://www.w3.org/2000/09/xmldsig#sha1"/><etsi:DigestValue>pHqXs0EnoupTfDPVdS0n228TNDk=</etsi:DigestValue></etsi:CertDigest><etsi:IssuerSerial><dsig:X509IssuerName>EMAIL=martin.e.eichinger@atos.net,CN=CN=MOA Test CA\,OU=EGIZ\,O=TU Graz\,C=AT\ ,OU=MS WSDS SEC,O=Atos IT Solutions and Services,L=Vienna,ST=Vienna,C=AT</dsig:X509IssuerName><dsig:X509SerialNumber>0</dsig:X509SerialNumber></etsi:IssuerSerial></etsi:Cert></etsi:SigningCertificate><etsi:SignaturePolicyIdentifier><etsi:SignaturePolicyImplied/></etsi:SignaturePolicyIdentifier></etsi:SignedSignatureProperties><etsi:SignedDataObjectProperties><etsi:DataObjectFormat ObjectReference="#reference-1-1"><etsi:MimeType>application/pdf</etsi:MimeType></etsi:DataObjectFormat></etsi:SignedDataObjectProperties></etsi:SignedProperties></etsi:QualifyingProperties></dsig:Object></dsig:Signature></SignatureEnvironment></CreateXMLSignatureResponse></soapenv:Body></soapenv:Envelope>
1602   2013-07-30 15:37:15,989 DEBUG .egiz.sig.connectors.MOASSRepsonseLogger  - MOA-SS Response: <soapenv:Envelope xmlns:soapenv="http://schemas.xmlsoap.org/soap/envelope/" xmlns:xsd="http://www.w3.org/2001/XMLSchema" xmlns:xsi="http://www.w3.org/2001/XMLSchema-instance"><soapenv:Body><CreateXMLSignatureResponse xmlns="http://reference.e-government.gv.at/namespace/moa/20020822#" xmlns:dsig="http://www.w3.org/2000/09/xmldsig#"><SignatureEnvironment><dsig:Signature Id="signature-1-1" xmlns:dsig="http://www.w3.org/2000/09/xmldsig#"><dsig:SignedInfo><dsig:CanonicalizationMethod Algorithm="http://www.w3.org/TR/2001/REC-xml-c14n-20010315"/><dsig:SignatureMethod Algorithm="http://www.w3.org/2000/09/xmldsig#rsa-sha1"/><dsig:Reference Id="reference-1-1" URI="urn:Document"><dsig:DigestMethod Algorithm="http://www.w3.org/2000/09/xmldsig#sha1"/><dsig:DigestValue>Eumq+Dz1/5kTYnQXXHoevwUKRng=</dsig:DigestValue></dsig:Reference><dsig:Reference Type="http://uri.etsi.org/01903/v1.1.1#SignedProperties" URI="#xmlns(etsi=http://uri.etsi.org/01903/v1.1.1%23)%20xpointer(id('etsi-signed-1-1')/child::etsi:QualifyingProperties/child::etsi:SignedProperties)"><dsig:DigestMethod Algorithm="http://www.w3.org/2000/09/xmldsig#sha1"/><dsig:DigestValue>ZIoWzEKK8R4BOoXlAd0XtbzVtHI=</dsig:DigestValue></dsig:Reference></dsig:SignedInfo><dsig:SignatureValue>nzi2YjeJ8+G5c70oseo7XXWCvmdBbvXprgtxaCEMEyd/bJEUXeV0RrLu8HqQswB9
2EFQk5nN5cLu/3ZYx3auv7UB0kuAd6ydbsprUDjBHMFt9WlCOB19HyZjpqlnjkoX
skH5+8lhFqDavXinC2yrdVfXU+B39i1//Br0039hzmFXPHaNbZm4l/FCrxHTepXY
lANdG8jFFVW86bjQS8pZILgoO1J+r5yjUywWtPK2qyB2xL6aFw1DseK6YnqaWqXM
HCbjjOL45H3UTIIidPLwNvTERAW3LTlldTiSPChGnp7QJXcGBbzHKytvbDPsD4xd
sBhSYxYjnp/Xypm4gK45Mw==</dsig:SignatureValue><dsig:KeyInfo><dsig:X509Data><dsig:X509Certificate>MIIFQTCCBCmgAwIBAgIBADANBgkqhkiG9w0BAQQFADCByzELMAkGA1UEBhMCQVQx
DzANBgNVBAgTBlZpZW5uYTEPMA0GA1UEBxMGVmllbm5hMScwJQYDVQQKEx5BdG9z
IElUIFNvbHV0aW9ucyBhbmQgU2VydmljZXMxFDASBgNVBAsTC01TIFdTRFMgU0VD
MS8wLQYDVQQDEyZDTj1NT0EgVGVzdCBDQSxPVT1FR0laLE89VFUgR3JheixDPUFU
IDEqMCgGCSqGSIb3DQEJARYbbWFydGluLmUuZWljaGluZ2VyQGF0b3MubmV0MB4X
DTEyMTEyOTA5NDAwMFoXDTIyMTEzMDA5NDAwMFowgcsxCzAJBgNVBAYTAkFUMQ8w
DQYDVQQIEwZWaWVubmExDzANBgNVBAcTBlZpZW5uYTEnMCUGA1UEChMeQXRvcyBJ
VCBTb2x1dGlvbnMgYW5kIFNlcnZpY2VzMRQwEgYDVQQLEwtNUyBXU0RTIFNFQzEv
MC0GA1UEAxMmQ049TU9BIFRlc3QgQ0EsT1U9RUdJWixPPVRVIEdyYXosQz1BVCAx
KjAoBgkqhkiG9w0BCQEWG21hcnRpbi5lLmVpY2hpbmdlckBhdG9zLm5ldDCCASIw
DQYJKoZIhvcNAQEBBQADggEPADCCAQoCggEBALGWLhXEwv5Ak0/nYu0ebCLR6MXu
x3Vmek7f1wAou3EeUW1kIb31OKd5OGqhM1lVTZod/2Zz2AHDQ4Asuiqd7RUQ4N0j
/5c2zKNxJbd93HW3squZflGusmyAr7R1cSGkVG+euVkhkhYWcffpqHfa+MQLwffd
QjkPEkh5DDjnfcQ2REimEATcl2pfWnQ8uxLYUPHzIX/Zyh8Gx4mjIaUaZocjWU+B
pL4CccnfhaiwEIYNR9YhReJZo2QV19wCKZ/y/+KZ2M9HOmKnBe6qtOHduPaWAeuZ
wFyhDSgc8IdVDSOZxfh0OvwjayyAorEi+cRINj1GgM3mVmmtRuu9y6q9DTsCAwEA
AaOCASwwggEoMB0GA1UdDgQWBBTU36Ol57RZYnsgIV+zhZ7cRifMDDCB+AYDVR0j
BIHwMIHtgBTU36Ol57RZYnsgIV+zhZ7cRifMDKGB0aSBzjCByzELMAkGA1UEBhMC
QVQxDzANBgNVBAgTBlZpZW5uYTEPMA0GA1UEBxMGVmllbm5hMScwJQYDVQQKEx5B
dG9zIElUIFNvbHV0aW9ucyBhbmQgU2VydmljZXMxFDASBgNVBAsTC01TIFdTRFMg
U0VDMS8wLQYDVQQDEyZDTj1NT0EgVGVzdCBDQSxPVT1FR0laLE89VFUgR3JheixD
PUFUIDEqMCgGCSqGSIb3DQEJARYbbWFydGluLmUuZWljaGluZ2VyQGF0b3MubmV0
ggEAMAwGA1UdEwQFMAMBAf8wDQYJKoZIhvcNAQEEBQADggEBAFXOEcGqniuuyLYi
jYvaYnLDZTPSIxga/HHKgWQSlPnc/UrokqBiUxayGVRtTKoK9N3My4DzEfejo1Lu
Gjt0k+OutBfrpbwVn2uC7vbrajM3AZWzUFnyVtHOBe5edJZPJH9aUk5tpM3WsD+G
X++G59LMFXiAvjzJkpFbZVf6hbhdNuqzFqnczWzwKpZoKCCiTFhxDB6K0SeqiaqW
najlhXMsBG7Z1GRA92rXpjr7bfU3K7gdOS4O72MG3Z12hmiAz3KcJ/wEztXTmXyi
Of30NC4pHRyT4NEH9tHFHYDsE3cQVot36XLmte7Ll9PKEL2Gf8EMvD+EccDNhi+o
za0qTeY=</dsig:X509Certificate></dsig:X509Data></dsig:KeyInfo><dsig:Object Id="etsi-signed-1-1"><etsi:QualifyingProperties xmlns:etsi="http://uri.etsi.org/01903/v1.1.1#" Target="#signature-1-1"><etsi:SignedProperties><etsi:SignedSignatureProperties><etsi:SigningTime>2013-07-30T15:37:15+02:00</etsi:SigningTime><etsi:SigningCertificate><etsi:Cert><etsi:CertDigest><etsi:DigestMethod Algorithm="http://www.w3.org/2000/09/xmldsig#sha1"/><etsi:DigestValue>pHqXs0EnoupTfDPVdS0n228TNDk=</etsi:DigestValue></etsi:CertDigest><etsi:IssuerSerial><dsig:X509IssuerName>EMAIL=martin.e.eichinger@atos.net,CN=CN=MOA Test CA\,OU=EGIZ\,O=TU Graz\,C=AT\ ,OU=MS WSDS SEC,O=Atos IT Solutions and Services,L=Vienna,ST=Vienna,C=AT</dsig:X509IssuerName><dsig:X509SerialNumber>0</dsig:X509SerialNumber></etsi:IssuerSerial></etsi:Cert></etsi:SigningCertificate><etsi:SignaturePolicyIdentifier><etsi:SignaturePolicyImplied/></etsi:SignaturePolicyIdentifier></etsi:SignedSignatureProperties><etsi:SignedDataObjectProperties><etsi:DataObjectFormat ObjectReference="#reference-1-1"><etsi:MimeType>application/pdf</etsi:MimeType></etsi:DataObjectFormat></etsi:SignedDataObjectProperties></etsi:SignedProperties></etsi:QualifyingProperties></dsig:Object></dsig:Signature></SignatureEnvironment></CreateXMLSignatureResponse></soapenv:Body></soapenv:Envelope>
1602   2013-07-30 15:42:56,628 DEBUG .egiz.sig.connectors.MOASSRepsonseLogger  - MOA-SS Response: <soapenv:Envelope xmlns:soapenv="http://schemas.xmlsoap.org/soap/envelope/" xmlns:xsd="http://www.w3.org/2001/XMLSchema" xmlns:xsi="http://www.w3.org/2001/XMLSchema-instance"><soapenv:Body><CreateXMLSignatureResponse xmlns="http://reference.e-government.gv.at/namespace/moa/20020822#" xmlns:dsig="http://www.w3.org/2000/09/xmldsig#"><SignatureEnvironment><dsig:Signature Id="signature-1-1" xmlns:dsig="http://www.w3.org/2000/09/xmldsig#"><dsig:SignedInfo><dsig:CanonicalizationMethod Algorithm="http://www.w3.org/TR/2001/REC-xml-c14n-20010315"/><dsig:SignatureMethod Algorithm="http://www.w3.org/2000/09/xmldsig#rsa-sha1"/><dsig:Reference Id="reference-1-1" URI="urn:Document"><dsig:DigestMethod Algorithm="http://www.w3.org/2000/09/xmldsig#sha1"/><dsig:DigestValue>pK3DGAUTkOtgcCm3aT8r7gpq1TU=</dsig:DigestValue></dsig:Reference><dsig:Reference Type="http://uri.etsi.org/01903/v1.1.1#SignedProperties" URI="#xmlns(etsi=http://uri.etsi.org/01903/v1.1.1%23)%20xpointer(id('etsi-signed-1-1')/child::etsi:QualifyingProperties/child::etsi:SignedProperties)"><dsig:DigestMethod Algorithm="http://www.w3.org/2000/09/xmldsig#sha1"/><dsig:DigestValue>1Xg2IsShgcPOO+WoWq35JJEg0SA=</dsig:DigestValue></dsig:Reference></dsig:SignedInfo><dsig:SignatureValue>MGqNrFQnBP97wjfBaJhFRhAYCrLLjbMRdtTI2YC/rDHdCgFV0E/dkuq9y3cJiL2e
SFokgJrZ7TcrdkgZzV0iIZ1kB2jXjHZ4sE37Eru9Og2ziF3RyRO9grKMfr/lUaMx
PiZIiYglMYtFvjJIEf8EN7kx9opShK2OngJ9KvaHupLzmALaFRpNltdNFn1/LIiW
r8Jo65RgCHKKNW1P9j+w3pIIW0N0ADBNdCWUaZUby7tr0/ELt77cSZcQ44YuGCW7
XAEDpvEodTr939avEpFr4sp2gDgs39pxyzULhz66VxQe4JC7LVUuP+yiFh7oma0r
oEQbpbHw+dW7tviISSdE7Q==</dsig:SignatureValue><dsig:KeyInfo><dsig:X509Data><dsig:X509Certificate>MIIFQTCCBCmgAwIBAgIBADANBgkqhkiG9w0BAQQFADCByzELMAkGA1UEBhMCQVQx
DzANBgNVBAgTBlZpZW5uYTEPMA0GA1UEBxMGVmllbm5hMScwJQYDVQQKEx5BdG9z
IElUIFNvbHV0aW9ucyBhbmQgU2VydmljZXMxFDASBgNVBAsTC01TIFdTRFMgU0VD
MS8wLQYDVQQDEyZDTj1NT0EgVGVzdCBDQSxPVT1FR0laLE89VFUgR3JheixDPUFU
IDEqMCgGCSqGSIb3DQEJARYbbWFydGluLmUuZWljaGluZ2VyQGF0b3MubmV0MB4X
DTEyMTEyOTA5NDAwMFoXDTIyMTEzMDA5NDAwMFowgcsxCzAJBgNVBAYTAkFUMQ8w
DQYDVQQIEwZWaWVubmExDzANBgNVBAcTBlZpZW5uYTEnMCUGA1UEChMeQXRvcyBJ
VCBTb2x1dGlvbnMgYW5kIFNlcnZpY2VzMRQwEgYDVQQLEwtNUyBXU0RTIFNFQzEv
MC0GA1UEAxMmQ049TU9BIFRlc3QgQ0EsT1U9RUdJWixPPVRVIEdyYXosQz1BVCAx
KjAoBgkqhkiG9w0BCQEWG21hcnRpbi5lLmVpY2hpbmdlckBhdG9zLm5ldDCCASIw
DQYJKoZIhvcNAQEBBQADggEPADCCAQoCggEBALGWLhXEwv5Ak0/nYu0ebCLR6MXu
x3Vmek7f1wAou3EeUW1kIb31OKd5OGqhM1lVTZod/2Zz2AHDQ4Asuiqd7RUQ4N0j
/5c2zKNxJbd93HW3squZflGusmyAr7R1cSGkVG+euVkhkhYWcffpqHfa+MQLwffd
QjkPEkh5DDjnfcQ2REimEATcl2pfWnQ8uxLYUPHzIX/Zyh8Gx4mjIaUaZocjWU+B
pL4CccnfhaiwEIYNR9YhReJZo2QV19wCKZ/y/+KZ2M9HOmKnBe6qtOHduPaWAeuZ
wFyhDSgc8IdVDSOZxfh0OvwjayyAorEi+cRINj1GgM3mVmmtRuu9y6q9DTsCAwEA
AaOCASwwggEoMB0GA1UdDgQWBBTU36Ol57RZYnsgIV+zhZ7cRifMDDCB+AYDVR0j
BIHwMIHtgBTU36Ol57RZYnsgIV+zhZ7cRifMDKGB0aSBzjCByzELMAkGA1UEBhMC
QVQxDzANBgNVBAgTBlZpZW5uYTEPMA0GA1UEBxMGVmllbm5hMScwJQYDVQQKEx5B
dG9zIElUIFNvbHV0aW9ucyBhbmQgU2VydmljZXMxFDASBgNVBAsTC01TIFdTRFMg
U0VDMS8wLQYDVQQDEyZDTj1NT0EgVGVzdCBDQSxPVT1FR0laLE89VFUgR3JheixD
PUFUIDEqMCgGCSqGSIb3DQEJARYbbWFydGluLmUuZWljaGluZ2VyQGF0b3MubmV0
ggEAMAwGA1UdEwQFMAMBAf8wDQYJKoZIhvcNAQEEBQADggEBAFXOEcGqniuuyLYi
jYvaYnLDZTPSIxga/HHKgWQSlPnc/UrokqBiUxayGVRtTKoK9N3My4DzEfejo1Lu
Gjt0k+OutBfrpbwVn2uC7vbrajM3AZWzUFnyVtHOBe5edJZPJH9aUk5tpM3WsD+G
X++G59LMFXiAvjzJkpFbZVf6hbhdNuqzFqnczWzwKpZoKCCiTFhxDB6K0SeqiaqW
najlhXMsBG7Z1GRA92rXpjr7bfU3K7gdOS4O72MG3Z12hmiAz3KcJ/wEztXTmXyi
Of30NC4pHRyT4NEH9tHFHYDsE3cQVot36XLmte7Ll9PKEL2Gf8EMvD+EccDNhi+o
za0qTeY=</dsig:X509Certificate></dsig:X509Data></dsig:KeyInfo><dsig:Object Id="etsi-signed-1-1"><etsi:QualifyingProperties xmlns:etsi="http://uri.etsi.org/01903/v1.1.1#" Target="#signature-1-1"><etsi:SignedProperties><etsi:SignedSignatureProperties><etsi:SigningTime>2013-07-30T15:42:56+02:00</etsi:SigningTime><etsi:SigningCertificate><etsi:Cert><etsi:CertDigest><etsi:DigestMethod Algorithm="http://www.w3.org/2000/09/xmldsig#sha1"/><etsi:DigestValue>pHqXs0EnoupTfDPVdS0n228TNDk=</etsi:DigestValue></etsi:CertDigest><etsi:IssuerSerial><dsig:X509IssuerName>EMAIL=martin.e.eichinger@atos.net,CN=CN=MOA Test CA\,OU=EGIZ\,O=TU Graz\,C=AT\ ,OU=MS WSDS SEC,O=Atos IT Solutions and Services,L=Vienna,ST=Vienna,C=AT</dsig:X509IssuerName><dsig:X509SerialNumber>0</dsig:X509SerialNumber></etsi:IssuerSerial></etsi:Cert></etsi:SigningCertificate><etsi:SignaturePolicyIdentifier><etsi:SignaturePolicyImplied/></etsi:SignaturePolicyIdentifier></etsi:SignedSignatureProperties><etsi:SignedDataObjectProperties><etsi:DataObjectFormat ObjectReference="#reference-1-1"><etsi:MimeType>application/pdf</etsi:MimeType></etsi:DataObjectFormat></etsi:SignedDataObjectProperties></etsi:SignedProperties></etsi:QualifyingProperties></dsig:Object></dsig:Signature></SignatureEnvironment></CreateXMLSignatureResponse></soapenv:Body></soapenv:Envelope>
