8508   2013-09-24 10:45:03,976 DEBUG .egiz.sig.connectors.MOASSRepsonseLogger  - MOA-SS Response: <soapenv:Envelope xmlns:soapenv="http://schemas.xmlsoap.org/soap/envelope/" xmlns:xsd="http://www.w3.org/2001/XMLSchema" xmlns:xsi="http://www.w3.org/2001/XMLSchema-instance"><soapenv:Body><CreateXMLSignatureResponse xmlns="http://reference.e-government.gv.at/namespace/moa/20020822#" xmlns:dsig="http://www.w3.org/2000/09/xmldsig#"><SignatureEnvironment><dsig:Signature Id="signature-1-1" xmlns:dsig="http://www.w3.org/2000/09/xmldsig#"><dsig:SignedInfo><dsig:CanonicalizationMethod Algorithm="http://www.w3.org/TR/2001/REC-xml-c14n-20010315"/><dsig:SignatureMethod Algorithm="http://www.w3.org/2000/09/xmldsig#rsa-sha1"/><dsig:Reference Id="reference-1-1" URI="urn:Document"><dsig:DigestMethod Algorithm="http://www.w3.org/2000/09/xmldsig#sha1"/><dsig:DigestValue>EnJmarozE4t8LyPh+toCsyboKMw=</dsig:DigestValue></dsig:Reference><dsig:Reference Type="http://uri.etsi.org/01903/v1.1.1#SignedProperties" URI="#xmlns(etsi=http://uri.etsi.org/01903/v1.1.1%23)%20xpointer(id('etsi-signed-1-1')/child::etsi:QualifyingProperties/child::etsi:SignedProperties)"><dsig:DigestMethod Algorithm="http://www.w3.org/2000/09/xmldsig#sha1"/><dsig:DigestValue>+SUEpSQUkWOP8h3z6FSvS7g9M24=</dsig:DigestValue></dsig:Reference></dsig:SignedInfo><dsig:SignatureValue>YQFN7MmR7rj2KSpplUnY7XoVE8/v1hELDy9BoNGqSaFstkVT+wrI25vuCmah6PCO
SbqoU1hnfniZgYBN1igzulT6yp8VnLVI7K4r2iX/ZSDYmCgu8B3Fe+hdC7/QhGHH
THPWhKLdNbQVM40aL4eGnLWjsyFPOcGKqR4jmfsSbZNt8+sdQ2KzYQVZafSUBIza
aRcX5v6UD9nQPZu0Gqz4qnV33h0/skR86OLmnf9odawkuGpuB98qHxBhydyTkvix
QoIoPM2XEij5A46zHR6Rf31qsB69j+lNPTtgoThXbV9D2KnBzogiHOa8bL8RLgRA
nQQA4ME+zGab+F/ihOomqQ==</dsig:SignatureValue><dsig:KeyInfo><dsig:X509Data><dsig:X509Certificate>MIIFQTCCBCmgAwIBAgIBADANBgkqhkiG9w0BAQQFADCByzELMAkGA1UEBhMCQVQx
DzANBgNVBAgTBlZpZW5uYTEPMA0GA1UEBxMGVmllbm5hMScwJQYDVQQKEx5BdG9z
IElUIFNvbHV0aW9ucyBhbmQgU2VydmljZXMxFDASBgNVBAsTC01TIFdTRFMgU0VD
MS8wLQYDVQQDEyZDTj1NT0EgVGVzdCBDQSxPVT1FR0laLE89VFUgR3JheixDPUFU
IDEqMCgGCSqGSIb3DQEJARYbbWFydGluLmUuZWljaGluZ2VyQGF0b3MubmV0MB4X
DTEyMTEyOTA5NDAwMFoXDTIyMTEzMDA5NDAwMFowgcsxCzAJBgNVBAYTAkFUMQ8w
DQYDVQQIEwZWaWVubmExDzANBgNVBAcTBlZpZW5uYTEnMCUGA1UEChMeQXRvcyBJ
VCBTb2x1dGlvbnMgYW5kIFNlcnZpY2VzMRQwEgYDVQQLEwtNUyBXU0RTIFNFQzEv
MC0GA1UEAxMmQ049TU9BIFRlc3QgQ0EsT1U9RUdJWixPPVRVIEdyYXosQz1BVCAx
KjAoBgkqhkiG9w0BCQEWG21hcnRpbi5lLmVpY2hpbmdlckBhdG9zLm5ldDCCASIw
DQYJKoZIhvcNAQEBBQADggEPADCCAQoCggEBALGWLhXEwv5Ak0/nYu0ebCLR6MXu
x3Vmek7f1wAou3EeUW1kIb31OKd5OGqhM1lVTZod/2Zz2AHDQ4Asuiqd7RUQ4N0j
/5c2zKNxJbd93HW3squZflGusmyAr7R1cSGkVG+euVkhkhYWcffpqHfa+MQLwffd
QjkPEkh5DDjnfcQ2REimEATcl2pfWnQ8uxLYUPHzIX/Zyh8Gx4mjIaUaZocjWU+B
pL4CccnfhaiwEIYNR9YhReJZo2QV19wCKZ/y/+KZ2M9HOmKnBe6qtOHduPaWAeuZ
wFyhDSgc8IdVDSOZxfh0OvwjayyAorEi+cRINj1GgM3mVmmtRuu9y6q9DTsCAwEA
AaOCASwwggEoMB0GA1UdDgQWBBTU36Ol57RZYnsgIV+zhZ7cRifMDDCB+AYDVR0j
BIHwMIHtgBTU36Ol57RZYnsgIV+zhZ7cRifMDKGB0aSBzjCByzELMAkGA1UEBhMC
QVQxDzANBgNVBAgTBlZpZW5uYTEPMA0GA1UEBxMGVmllbm5hMScwJQYDVQQKEx5B
dG9zIElUIFNvbHV0aW9ucyBhbmQgU2VydmljZXMxFDASBgNVBAsTC01TIFdTRFMg
U0VDMS8wLQYDVQQDEyZDTj1NT0EgVGVzdCBDQSxPVT1FR0laLE89VFUgR3JheixD
PUFUIDEqMCgGCSqGSIb3DQEJARYbbWFydGluLmUuZWljaGluZ2VyQGF0b3MubmV0
ggEAMAwGA1UdEwQFMAMBAf8wDQYJKoZIhvcNAQEEBQADggEBAFXOEcGqniuuyLYi
jYvaYnLDZTPSIxga/HHKgWQSlPnc/UrokqBiUxayGVRtTKoK9N3My4DzEfejo1Lu
Gjt0k+OutBfrpbwVn2uC7vbrajM3AZWzUFnyVtHOBe5edJZPJH9aUk5tpM3WsD+G
X++G59LMFXiAvjzJkpFbZVf6hbhdNuqzFqnczWzwKpZoKCCiTFhxDB6K0SeqiaqW
najlhXMsBG7Z1GRA92rXpjr7bfU3K7gdOS4O72MG3Z12hmiAz3KcJ/wEztXTmXyi
Of30NC4pHRyT4NEH9tHFHYDsE3cQVot36XLmte7Ll9PKEL2Gf8EMvD+EccDNhi+o
za0qTeY=</dsig:X509Certificate></dsig:X509Data></dsig:KeyInfo><dsig:Object Id="etsi-signed-1-1"><etsi:QualifyingProperties xmlns:etsi="http://uri.etsi.org/01903/v1.1.1#" Target="#signature-1-1"><etsi:SignedProperties><etsi:SignedSignatureProperties><etsi:SigningTime>2013-09-24T10:44:56+02:00</etsi:SigningTime><etsi:SigningCertificate><etsi:Cert><etsi:CertDigest><etsi:DigestMethod Algorithm="http://www.w3.org/2000/09/xmldsig#sha1"/><etsi:DigestValue>pHqXs0EnoupTfDPVdS0n228TNDk=</etsi:DigestValue></etsi:CertDigest><etsi:IssuerSerial><dsig:X509IssuerName>EMAIL=martin.e.eichinger@atos.net,CN=CN=MOA Test CA\,OU=EGIZ\,O=TU Graz\,C=AT\ ,OU=MS WSDS SEC,O=Atos IT Solutions and Services,L=Vienna,ST=Vienna,C=AT</dsig:X509IssuerName><dsig:X509SerialNumber>0</dsig:X509SerialNumber></etsi:IssuerSerial></etsi:Cert></etsi:SigningCertificate><etsi:SignaturePolicyIdentifier><etsi:SignaturePolicyImplied/></etsi:SignaturePolicyIdentifier></etsi:SignedSignatureProperties><etsi:SignedDataObjectProperties><etsi:DataObjectFormat ObjectReference="#reference-1-1"><etsi:MimeType>application/pdf</etsi:MimeType></etsi:DataObjectFormat></etsi:SignedDataObjectProperties></etsi:SignedProperties></etsi:QualifyingProperties></dsig:Object></dsig:Signature></SignatureEnvironment></CreateXMLSignatureResponse></soapenv:Body></soapenv:Envelope>
1721   2013-09-24 16:16:14,371 DEBUG .egiz.sig.connectors.MOASSRepsonseLogger  - MOA-SS Response: <soapenv:Envelope xmlns:soapenv="http://schemas.xmlsoap.org/soap/envelope/" xmlns:xsd="http://www.w3.org/2001/XMLSchema" xmlns:xsi="http://www.w3.org/2001/XMLSchema-instance"><soapenv:Body><CreateXMLSignatureResponse xmlns="http://reference.e-government.gv.at/namespace/moa/20020822#" xmlns:dsig="http://www.w3.org/2000/09/xmldsig#"><ErrorResponse><ErrorCode>2231</ErrorCode><Info>Die Schlüsselgruppe ist nicht verfügbar</Info></ErrorResponse></CreateXMLSignatureResponse></soapenv:Body></soapenv:Envelope>
5030   2013-09-24 16:16:48,117 DEBUG .egiz.sig.connectors.MOASSRepsonseLogger  - MOA-SS Response: <soapenv:Envelope xmlns:soapenv="http://schemas.xmlsoap.org/soap/envelope/" xmlns:xsd="http://www.w3.org/2001/XMLSchema" xmlns:xsi="http://www.w3.org/2001/XMLSchema-instance"><soapenv:Body><CreateXMLSignatureResponse xmlns="http://reference.e-government.gv.at/namespace/moa/20020822#" xmlns:dsig="http://www.w3.org/2000/09/xmldsig#"><SignatureEnvironment><dsig:Signature Id="signature-1-1" xmlns:dsig="http://www.w3.org/2000/09/xmldsig#"><dsig:SignedInfo><dsig:CanonicalizationMethod Algorithm="http://www.w3.org/TR/2001/REC-xml-c14n-20010315"/><dsig:SignatureMethod Algorithm="http://www.w3.org/2000/09/xmldsig#rsa-sha1"/><dsig:Reference Id="reference-1-1" URI="urn:Document"><dsig:DigestMethod Algorithm="http://www.w3.org/2000/09/xmldsig#sha1"/><dsig:DigestValue>rtKvgqdb5xK9cKVXugwFDfmwUnw=</dsig:DigestValue></dsig:Reference><dsig:Reference Type="http://uri.etsi.org/01903/v1.1.1#SignedProperties" URI="#xmlns(etsi=http://uri.etsi.org/01903/v1.1.1%23)%20xpointer(id('etsi-signed-1-1')/child::etsi:QualifyingProperties/child::etsi:SignedProperties)"><dsig:DigestMethod Algorithm="http://www.w3.org/2000/09/xmldsig#sha1"/><dsig:DigestValue>YkOOycO3e9+iGy7oQ/wQprpjd+Q=</dsig:DigestValue></dsig:Reference></dsig:SignedInfo><dsig:SignatureValue>Wcx/v8wqSesgdb1LFXKAqAPo3RMyorrIFG0ZwoDOrgvZypJVxHFqSorAqYKiVR7i
WYz0JEFsjDUbGREF+hobsYD/FDa7/1ebU3ReIOUwqC50jddd7K4MaINQz9GLw+wb
C29YQIxzdecb8tigCKb84SQWVoBx6IlcpBjB+tddTfwUW50ehRO6kqIZTHJdkWY6
AtphylbkYJEww7Fnv9HdeZ0TgtgQx7BqR0uGqklbWsuNRxGoMdMhVMeiPCn73rSn
c5gt0Yc2Oa984ltkWeYPqdu+l7P+ggE58JnA674gXK9/pYMkEpMor6Y4ukEmvZBa
f5oYAYgjXQqkVULGvNYbrg==</dsig:SignatureValue><dsig:KeyInfo><dsig:X509Data><dsig:X509Certificate>MIIFQTCCBCmgAwIBAgIBADANBgkqhkiG9w0BAQQFADCByzELMAkGA1UEBhMCQVQx
DzANBgNVBAgTBlZpZW5uYTEPMA0GA1UEBxMGVmllbm5hMScwJQYDVQQKEx5BdG9z
IElUIFNvbHV0aW9ucyBhbmQgU2VydmljZXMxFDASBgNVBAsTC01TIFdTRFMgU0VD
MS8wLQYDVQQDEyZDTj1NT0EgVGVzdCBDQSxPVT1FR0laLE89VFUgR3JheixDPUFU
IDEqMCgGCSqGSIb3DQEJARYbbWFydGluLmUuZWljaGluZ2VyQGF0b3MubmV0MB4X
DTEyMTEyOTA5NDAwMFoXDTIyMTEzMDA5NDAwMFowgcsxCzAJBgNVBAYTAkFUMQ8w
DQYDVQQIEwZWaWVubmExDzANBgNVBAcTBlZpZW5uYTEnMCUGA1UEChMeQXRvcyBJ
VCBTb2x1dGlvbnMgYW5kIFNlcnZpY2VzMRQwEgYDVQQLEwtNUyBXU0RTIFNFQzEv
MC0GA1UEAxMmQ049TU9BIFRlc3QgQ0EsT1U9RUdJWixPPVRVIEdyYXosQz1BVCAx
KjAoBgkqhkiG9w0BCQEWG21hcnRpbi5lLmVpY2hpbmdlckBhdG9zLm5ldDCCASIw
DQYJKoZIhvcNAQEBBQADggEPADCCAQoCggEBALGWLhXEwv5Ak0/nYu0ebCLR6MXu
x3Vmek7f1wAou3EeUW1kIb31OKd5OGqhM1lVTZod/2Zz2AHDQ4Asuiqd7RUQ4N0j
/5c2zKNxJbd93HW3squZflGusmyAr7R1cSGkVG+euVkhkhYWcffpqHfa+MQLwffd
QjkPEkh5DDjnfcQ2REimEATcl2pfWnQ8uxLYUPHzIX/Zyh8Gx4mjIaUaZocjWU+B
pL4CccnfhaiwEIYNR9YhReJZo2QV19wCKZ/y/+KZ2M9HOmKnBe6qtOHduPaWAeuZ
wFyhDSgc8IdVDSOZxfh0OvwjayyAorEi+cRINj1GgM3mVmmtRuu9y6q9DTsCAwEA
AaOCASwwggEoMB0GA1UdDgQWBBTU36Ol57RZYnsgIV+zhZ7cRifMDDCB+AYDVR0j
BIHwMIHtgBTU36Ol57RZYnsgIV+zhZ7cRifMDKGB0aSBzjCByzELMAkGA1UEBhMC
QVQxDzANBgNVBAgTBlZpZW5uYTEPMA0GA1UEBxMGVmllbm5hMScwJQYDVQQKEx5B
dG9zIElUIFNvbHV0aW9ucyBhbmQgU2VydmljZXMxFDASBgNVBAsTC01TIFdTRFMg
U0VDMS8wLQYDVQQDEyZDTj1NT0EgVGVzdCBDQSxPVT1FR0laLE89VFUgR3JheixD
PUFUIDEqMCgGCSqGSIb3DQEJARYbbWFydGluLmUuZWljaGluZ2VyQGF0b3MubmV0
ggEAMAwGA1UdEwQFMAMBAf8wDQYJKoZIhvcNAQEEBQADggEBAFXOEcGqniuuyLYi
jYvaYnLDZTPSIxga/HHKgWQSlPnc/UrokqBiUxayGVRtTKoK9N3My4DzEfejo1Lu
Gjt0k+OutBfrpbwVn2uC7vbrajM3AZWzUFnyVtHOBe5edJZPJH9aUk5tpM3WsD+G
X++G59LMFXiAvjzJkpFbZVf6hbhdNuqzFqnczWzwKpZoKCCiTFhxDB6K0SeqiaqW
najlhXMsBG7Z1GRA92rXpjr7bfU3K7gdOS4O72MG3Z12hmiAz3KcJ/wEztXTmXyi
Of30NC4pHRyT4NEH9tHFHYDsE3cQVot36XLmte7Ll9PKEL2Gf8EMvD+EccDNhi+o
za0qTeY=</dsig:X509Certificate></dsig:X509Data></dsig:KeyInfo><dsig:Object Id="etsi-signed-1-1"><etsi:QualifyingProperties xmlns:etsi="http://uri.etsi.org/01903/v1.1.1#" Target="#signature-1-1"><etsi:SignedProperties><etsi:SignedSignatureProperties><etsi:SigningTime>2013-09-24T16:16:43+02:00</etsi:SigningTime><etsi:SigningCertificate><etsi:Cert><etsi:CertDigest><etsi:DigestMethod Algorithm="http://www.w3.org/2000/09/xmldsig#sha1"/><etsi:DigestValue>pHqXs0EnoupTfDPVdS0n228TNDk=</etsi:DigestValue></etsi:CertDigest><etsi:IssuerSerial><dsig:X509IssuerName>EMAIL=martin.e.eichinger@atos.net,CN=CN=MOA Test CA\,OU=EGIZ\,O=TU Graz\,C=AT\ ,OU=MS WSDS SEC,O=Atos IT Solutions and Services,L=Vienna,ST=Vienna,C=AT</dsig:X509IssuerName><dsig:X509SerialNumber>0</dsig:X509SerialNumber></etsi:IssuerSerial></etsi:Cert></etsi:SigningCertificate><etsi:SignaturePolicyIdentifier><etsi:SignaturePolicyImplied/></etsi:SignaturePolicyIdentifier></etsi:SignedSignatureProperties><etsi:SignedDataObjectProperties><etsi:DataObjectFormat ObjectReference="#reference-1-1"><etsi:MimeType>application/pdf</etsi:MimeType></etsi:DataObjectFormat></etsi:SignedDataObjectProperties></etsi:SignedProperties></etsi:QualifyingProperties></dsig:Object></dsig:Signature></SignatureEnvironment></CreateXMLSignatureResponse></soapenv:Body></soapenv:Envelope>
